<?xml version="1.0" encoding="UTF-8"?>
<!-- Generated by org.testng.reporters.JUnitXMLReporter -->
<testsuite ignored="0" hostname="DESKTOP-GPM3KEC" failures="0" tests="3" name="HomePageTestCases" time="17.023" errors="0" timestamp="2025-01-21T18:44:16 IST">
  <testcase classname="com.CRM.Tests.HomePageTest" name="verifyAppURL" time="0.036"/>
  <testcase classname="com.CRM.Tests.HomePageTest" name="verifyAppTitle" time="0.021"/>
  <testcase classname="com.CRM.Tests.HomePageTest" name="validateSignInLink" time="0.662"/>
</testsuite> <!-- HomePageTestCases -->
