<?xml version="1.0" encoding="UTF-8"?>
<!-- Generated by org.testng.reporters.JUnitXMLReporter -->
<testsuite ignored="0" hostname="DESKTOP-GPM3KEC" failures="0" tests="3" name="HomePageTestCases" time="8.323" errors="0" timestamp="2025-01-20T16:58:17 IST">
  <testcase classname="com.CRM.Tests.HomePageTest" name="verifyAppURL" time="0.021"/>
  <testcase classname="com.CRM.Tests.HomePageTest" name="verifyAppTitle" time="0.019"/>
  <testcase classname="com.CRM.Tests.HomePageTest" name="validateSignInLink" time="0.885"/>
</testsuite> <!-- HomePageTestCases -->
