<?xml version="1.0" encoding="UTF-8"?>
<testng-results ignored="0" total="4" passed="4" failed="0" skipped="0">
  <reporter-output>
  </reporter-output>
  <suite started-at="2025-01-20T16:58:09 IST" name="Suite" finished-at="2025-01-20T16:58:24 IST" duration-ms="15495">
    <groups>
    </groups>
    <test started-at="2025-01-20T16:58:09 IST" name="HomePageTestCases" finished-at="2025-01-20T16:58:17 IST" duration-ms="8323">
      <class name="com.CRM.Tests.HomePageTest">
        <test-method is-config="true" signature="beforeTest()[pri:0, instance:com.CRM.Tests.HomePageTest@5fdcaa40]" started-at="2025-01-20T16:58:09 IST" name="beforeTest" finished-at="2025-01-20T16:58:16 IST" duration-ms="7332" status="PASS">
          <reporter-output>
          </reporter-output>
        </test-method> <!-- beforeTest -->
        <test-method signature="verifyAppURL()[pri:1, instance:com.CRM.Tests.HomePageTest@5fdcaa40]" started-at="2025-01-20T16:58:16 IST" name="verifyAppURL" finished-at="2025-01-20T16:58:16 IST" duration-ms="21" status="PASS">
          <reporter-output>
          </reporter-output>
        </test-method> <!-- verifyAppURL -->
        <test-method signature="verifyAppTitle()[pri:2, instance:com.CRM.Tests.HomePageTest@5fdcaa40]" started-at="2025-01-20T16:58:16 IST" name="verifyAppTitle" finished-at="2025-01-20T16:58:16 IST" duration-ms="19" status="PASS">
          <reporter-output>
          </reporter-output>
        </test-method> <!-- verifyAppTitle -->
        <test-method signature="validateSignInLink()[pri:3, instance:com.CRM.Tests.HomePageTest@5fdcaa40]" started-at="2025-01-20T16:58:16 IST" name="validateSignInLink" finished-at="2025-01-20T16:58:17 IST" duration-ms="885" status="PASS">
          <reporter-output>
          </reporter-output>
        </test-method> <!-- validateSignInLink -->
        <test-method is-config="true" signature="afterTest()[pri:0, instance:com.CRM.Tests.HomePageTest@5fdcaa40]" started-at="2025-01-20T16:58:17 IST" name="afterTest" finished-at="2025-01-20T16:58:17 IST" duration-ms="1" status="PASS">
          <reporter-output>
          </reporter-output>
        </test-method> <!-- afterTest -->
      </class> <!-- com.CRM.Tests.HomePageTest -->
    </test> <!-- HomePageTestCases -->
    <test started-at="2025-01-20T16:58:17 IST" name="LoginPageTestCases" finished-at="2025-01-20T16:58:24 IST" duration-ms="7109">
      <class name="com.CRM.Tests.LoginPageTest">
        <test-method is-config="true" signature="beforeTest()[pri:0, instance:com.CRM.Tests.LoginPageTest@77847718]" started-at="2025-01-20T16:58:17 IST" name="beforeTest" finished-at="2025-01-20T16:58:21 IST" duration-ms="3932" status="PASS">
          <reporter-output>
          </reporter-output>
        </test-method> <!-- beforeTest -->
        <test-method is-config="true" signature="pageSetup()[pri:0, instance:com.CRM.Tests.LoginPageTest@77847718]" started-at="2025-01-20T16:58:21 IST" name="pageSetup" finished-at="2025-01-20T16:58:22 IST" duration-ms="978" status="PASS">
          <reporter-output>
          </reporter-output>
        </test-method> <!-- pageSetup -->
        <test-method signature="validateLogin()[pri:0, instance:com.CRM.Tests.LoginPageTest@77847718]" started-at="2025-01-20T16:58:22 IST" name="validateLogin" finished-at="2025-01-20T16:58:24 IST" duration-ms="2194" status="PASS">
          <reporter-output>
          </reporter-output>
        </test-method> <!-- validateLogin -->
        <test-method is-config="true" signature="afterTest()[pri:0, instance:com.CRM.Tests.LoginPageTest@77847718]" started-at="2025-01-20T16:58:24 IST" name="afterTest" finished-at="2025-01-20T16:58:24 IST" duration-ms="0" status="PASS">
          <reporter-output>
          </reporter-output>
        </test-method> <!-- afterTest -->
      </class> <!-- com.CRM.Tests.LoginPageTest -->
    </test> <!-- LoginPageTestCases -->
  </suite> <!-- Suite -->
</testng-results>
