<?xml version="1.0" encoding="UTF-8"?>
<testsuite xmlns:xsi="http://www.w3.org/2001/XMLSchema-instance" xsi:noNamespaceSchemaLocation="https://maven.apache.org/surefire/maven-surefire-plugin/xsd/surefire-test-report.xsd" version="3.0.2" name="TestSuite" time="16.583" tests="4" errors="0" skipped="0" failures="0">
  <properties>
[...]
</properties>
  <testcase name="verifyAppURL" classname="com.CRM.Tests.HomePageTest" time="0.025">
    <system-out><![CDATA[Test case Pass: both urls are matched
]]></system-out>
    <system-err><![CDATA[SLF4J: Failed to load class "org.slf4j.impl.StaticLoggerBinder".
SLF4J: Defaulting to no-operation (NOP) logger implementation
SLF4J: See http://www.slf4j.org/codes.html#StaticLoggerBinder for further details.
Jan 20, 2025 4:58:12 PM org.openqa.selenium.devtools.CdpVersionFinder findNearestMatch
WARNING: Unable to find an exact match for CDP version 132, returning the closest version; found: 131; Please update to a Selenium version that supports CDP version 132
]]></system-err>
  </testcase>
  <testcase name="verifyAppTitle" classname="com.CRM.Tests.HomePageTest" time="0.018">
    <system-out><![CDATA[Test case Pass: titles are matched
]]></system-out>
  </testcase>
  <testcase name="validateSignInLink" classname="com.CRM.Tests.HomePageTest" time="0.887">
    <system-out><![CDATA[Test case Pass: App navigated to Login Page
]]></system-out>
  </testcase>
  <testcase name="validateLogin" classname="com.CRM.Tests.LoginPageTest" time="2.197">
    <system-out><![CDATA[Test case Pass: Login Successful
]]></system-out>
    <system-err><![CDATA[Jan 20, 2025 4:58:19 PM org.openqa.selenium.devtools.CdpVersionFinder findNearestMatch
WARNING: Unable to find an exact match for CDP version 132, returning the closest version; found: 131; Please update to a Selenium version that supports CDP version 132
]]></system-err>
  </testcase>
</testsuite>