<?xml version="1.0" encoding="UTF-8"?>
<testng-results ignored="0" total="4" passed="4" failed="0" skipped="0">
  <reporter-output>
  </reporter-output>
  <suite started-at="2025-01-21T19:05:54 IST" name="Suite" finished-at="2025-01-21T19:06:20 IST" duration-ms="26413">
    <groups>
    </groups>
    <test started-at="2025-01-21T19:05:54 IST" name="HomePageTestCases" finished-at="2025-01-21T19:06:12 IST" duration-ms="18047">
      <class name="com.CRM.Tests.HomePageTest">
        <test-method is-config="true" signature="beforeTest()[pri:0, instance:com.CRM.Tests.HomePageTest@14dd9eb7]" started-at="2025-01-21T19:05:54 IST" name="beforeTest" finished-at="2025-01-21T19:06:08 IST" duration-ms="13971" status="PASS">
          <reporter-output>
          </reporter-output>
        </test-method> <!-- beforeTest -->
        <test-method signature="verifyAppURL()[pri:1, instance:com.CRM.Tests.HomePageTest@14dd9eb7]" started-at="2025-01-21T19:06:08 IST" name="verifyAppURL" finished-at="2025-01-21T19:06:08 IST" duration-ms="17" status="PASS">
          <reporter-output>
          </reporter-output>
        </test-method> <!-- verifyAppURL -->
        <test-method signature="verifyAppTitle()[pri:2, instance:com.CRM.Tests.HomePageTest@14dd9eb7]" started-at="2025-01-21T19:06:08 IST" name="verifyAppTitle" finished-at="2025-01-21T19:06:08 IST" duration-ms="15" status="PASS">
          <reporter-output>
          </reporter-output>
        </test-method> <!-- verifyAppTitle -->
        <test-method signature="validateSignInLink()[pri:3, instance:com.CRM.Tests.HomePageTest@14dd9eb7]" started-at="2025-01-21T19:06:08 IST" name="validateSignInLink" finished-at="2025-01-21T19:06:08 IST" duration-ms="819" status="PASS">
          <reporter-output>
          </reporter-output>
        </test-method> <!-- validateSignInLink -->
        <test-method is-config="true" signature="afterTest()[pri:0, instance:com.CRM.Tests.HomePageTest@14dd9eb7]" started-at="2025-01-21T19:06:08 IST" name="afterTest" finished-at="2025-01-21T19:06:12 IST" duration-ms="3178" status="PASS">
          <reporter-output>
          </reporter-output>
        </test-method> <!-- afterTest -->
      </class> <!-- com.CRM.Tests.HomePageTest -->
    </test> <!-- HomePageTestCases -->
    <test started-at="2025-01-21T19:06:12 IST" name="LoginPageTestCases" finished-at="2025-01-21T19:06:20 IST" duration-ms="8317">
      <class name="com.CRM.Tests.LoginPageTest">
        <test-method is-config="true" signature="beforeTest()[pri:0, instance:com.CRM.Tests.LoginPageTest@8f4ea7c]" started-at="2025-01-21T19:06:12 IST" name="beforeTest" finished-at="2025-01-21T19:06:15 IST" duration-ms="3450" status="PASS">
          <reporter-output>
          </reporter-output>
        </test-method> <!-- beforeTest -->
        <test-method is-config="true" signature="pageSetup()[pri:0, instance:com.CRM.Tests.LoginPageTest@8f4ea7c]" started-at="2025-01-21T19:06:15 IST" name="pageSetup" finished-at="2025-01-21T19:06:16 IST" duration-ms="835" status="PASS">
          <reporter-output>
          </reporter-output>
        </test-method> <!-- pageSetup -->
        <test-method signature="validateLogin()[pri:0, instance:com.CRM.Tests.LoginPageTest@8f4ea7c]" started-at="2025-01-21T19:06:16 IST" name="validateLogin" finished-at="2025-01-21T19:06:17 IST" duration-ms="908" status="PASS">
          <reporter-output>
          </reporter-output>
        </test-method> <!-- validateLogin -->
        <test-method is-config="true" signature="afterTest()[pri:0, instance:com.CRM.Tests.LoginPageTest@8f4ea7c]" started-at="2025-01-21T19:06:17 IST" name="afterTest" finished-at="2025-01-21T19:06:20 IST" duration-ms="3121" status="PASS">
          <reporter-output>
          </reporter-output>
        </test-method> <!-- afterTest -->
      </class> <!-- com.CRM.Tests.LoginPageTest -->
    </test> <!-- LoginPageTestCases -->
  </suite> <!-- Suite -->
</testng-results>
