<?xml version="1.0" encoding="UTF-8"?>
<testng-results ignored="0" total="4" passed="4" failed="0" skipped="0">
  <reporter-output>
  </reporter-output>
  <suite started-at="2025-01-21T18:43:59 IST" name="Suite" finished-at="2025-01-21T18:44:23 IST" duration-ms="23688">
    <groups>
    </groups>
    <test started-at="2025-01-21T18:43:59 IST" name="HomePageTestCases" finished-at="2025-01-21T18:44:16 IST" duration-ms="17023">
      <class name="com.CRM.Tests.HomePageTest">
        <test-method is-config="true" signature="beforeTest()[pri:0, instance:com.CRM.Tests.HomePageTest@515c6049]" started-at="2025-01-21T18:43:59 IST" name="beforeTest" finished-at="2025-01-21T18:44:15 IST" duration-ms="16030" status="PASS">
          <reporter-output>
          </reporter-output>
        </test-method> <!-- beforeTest -->
        <test-method signature="verifyAppURL()[pri:1, instance:com.CRM.Tests.HomePageTest@515c6049]" started-at="2025-01-21T18:44:15 IST" name="verifyAppURL" finished-at="2025-01-21T18:44:15 IST" duration-ms="36" status="PASS">
          <reporter-output>
          </reporter-output>
        </test-method> <!-- verifyAppURL -->
        <test-method signature="verifyAppTitle()[pri:2, instance:com.CRM.Tests.HomePageTest@515c6049]" started-at="2025-01-21T18:44:15 IST" name="verifyAppTitle" finished-at="2025-01-21T18:44:15 IST" duration-ms="21" status="PASS">
          <reporter-output>
          </reporter-output>
        </test-method> <!-- verifyAppTitle -->
        <test-method signature="validateSignInLink()[pri:3, instance:com.CRM.Tests.HomePageTest@515c6049]" started-at="2025-01-21T18:44:15 IST" name="validateSignInLink" finished-at="2025-01-21T18:44:16 IST" duration-ms="662" status="PASS">
          <reporter-output>
          </reporter-output>
        </test-method> <!-- validateSignInLink -->
        <test-method is-config="true" signature="afterTest()[pri:0, instance:com.CRM.Tests.HomePageTest@515c6049]" started-at="2025-01-21T18:44:16 IST" name="afterTest" finished-at="2025-01-21T18:44:16 IST" duration-ms="167" status="PASS">
          <reporter-output>
          </reporter-output>
        </test-method> <!-- afterTest -->
      </class> <!-- com.CRM.Tests.HomePageTest -->
    </test> <!-- HomePageTestCases -->
    <test started-at="2025-01-21T18:44:16 IST" name="LoginPageTestCases" finished-at="2025-01-21T18:44:23 IST" duration-ms="6556">
      <class name="com.CRM.Tests.LoginPageTest">
        <test-method is-config="true" signature="beforeTest()[pri:0, instance:com.CRM.Tests.LoginPageTest@6ed3ccb2]" started-at="2025-01-21T18:44:16 IST" name="beforeTest" finished-at="2025-01-21T18:44:21 IST" duration-ms="4283" status="PASS">
          <reporter-output>
          </reporter-output>
        </test-method> <!-- beforeTest -->
        <test-method is-config="true" signature="pageSetup()[pri:0, instance:com.CRM.Tests.LoginPageTest@6ed3ccb2]" started-at="2025-01-21T18:44:21 IST" name="pageSetup" finished-at="2025-01-21T18:44:21 IST" duration-ms="881" status="PASS">
          <reporter-output>
          </reporter-output>
        </test-method> <!-- pageSetup -->
        <test-method signature="validateLogin()[pri:0, instance:com.CRM.Tests.LoginPageTest@6ed3ccb2]" started-at="2025-01-21T18:44:21 IST" name="validateLogin" finished-at="2025-01-21T18:44:23 IST" duration-ms="1139" status="PASS">
          <reporter-output>
          </reporter-output>
        </test-method> <!-- validateLogin -->
        <test-method is-config="true" signature="afterTest()[pri:0, instance:com.CRM.Tests.LoginPageTest@6ed3ccb2]" started-at="2025-01-21T18:44:23 IST" name="afterTest" finished-at="2025-01-21T18:44:23 IST" duration-ms="247" status="PASS">
          <reporter-output>
          </reporter-output>
        </test-method> <!-- afterTest -->
      </class> <!-- com.CRM.Tests.LoginPageTest -->
    </test> <!-- LoginPageTestCases -->
  </suite> <!-- Suite -->
</testng-results>
